[0925/235328.435:INFO:CONSOLE(1)] "Application Cache API manifest selection is deprecated and will be removed in M85, around August 2020. See https://www.chromestatus.com/features/6192449487634432 for more details.", source: https://web.telegram.org/ (1)
[0925/235328.499:INFO:CONSOLE(0)] "Creating Application Cache with manifest https://web.telegram.org/webogram.appcache", source: https://web.telegram.org/ (0)
[0925/235328.500:INFO:CONSOLE(0)] "Application Cache Checking event", source: https://web.telegram.org/ (0)
[0925/235329.385:INFO:CONSOLE(0)] "Application Cache Error event: Invalid or missing manifest origin trial token: https://web.telegram.org/webogram.appcache", source: https://web.telegram.org/ (0)
[0925/235330.970:INFO:CONSOLE(12)] "Offline worker registered", source: https://web.telegram.org/js/app.js (12)
[0925/235331.654:INFO:CONSOLE(1)] "load state: 126.595947265625 ms", source: https://web.telegram.org/k/27.a0f5b46feab229f7fa74.chunk.js (1)
[0925/235332.015:INFO:CONSOLE(1)] "got state, time: 402.3999999985099", source: https://web.telegram.org/k/main.267dcd2265b909fb017b.bundle.js (1)
[0925/235332.015:INFO:CONSOLE(1)] "Will mount auth page: authStateSignQr 1632606812.014", source: https://web.telegram.org/k/main.267dcd2265b909fb017b.bundle.js (1)
[0925/235332.022:INFO:CONSOLE(3)] "CW constructor", source: https://web.telegram.org/k/mtproto.worker.4552b0dae1b85559e0b5.bundle.worker.js (3)
[0925/235337.243:INFO:CONSOLE(3)] "[5.293] [API]: Request is still processing: help.getConfig [object Object] [object Object] time: 5.001", source: https://web.telegram.org/k/mtproto.worker.4552b0dae1b85559e0b5.bundle.worker.js (3)
[0925/235359.417:INFO:CONSOLE(3)] "[27.470] [API]: Request is still processing: auth.importLoginToken [object Object] [object Object] time: 5.009", source: https://web.telegram.org/k/mtproto.worker.4552b0dae1b85559e0b5.bundle.worker.js (3)
[0925/235403.182:INFO:CONSOLE(1)] "[31.659] [MESSAGES]: noIdsDialogs [object Object]", source: https://web.telegram.org/k/0.a10c05fe0531384f1075.chunk.js (1)
[0925/235403.188:INFO:CONSOLE(1)] "[31.665] [MESSAGES]: noIdsDialogs [object Object]", source: https://web.telegram.org/k/0.a10c05fe0531384f1075.chunk.js (1)
[0925/235403.192:INFO:CONSOLE(1)] "[31.669] [MESSAGES]: noIdsDialogs [object Object]", source: https://web.telegram.org/k/0.a10c05fe0531384f1075.chunk.js (1)
[0925/235403.732:INFO:CONSOLE(1)] "[32.209] [MESSAGES]: noIdsDialogs [object Object]", source: https://web.telegram.org/k/0.a10c05fe0531384f1075.chunk.js (1)
[0925/235403.935:INFO:CONSOLE(1)] "[object Object]", source: https://web.telegram.org/k/15.d25b4a66b1a7c4f4baba.chunk.js (1)
[0925/235405.750:INFO:CONSOLE(1)] "[object Object]", source: https://web.telegram.org/k/15.d25b4a66b1a7c4f4baba.chunk.js (1)
[0925/235407.113:INFO:CONSOLE(1)] "[object Object]", source: https://web.telegram.org/k/15.d25b4a66b1a7c4f4baba.chunk.js (1)
[0925/235408.354:INFO:CONSOLE(0)] "Uncaught (in promise) setMessagesQueuePromise: peer changed!", source: https://web.telegram.org/k/ (0)
[0925/235408.659:INFO:CONSOLE(1)] "[object Object]", source: https://web.telegram.org/k/15.d25b4a66b1a7c4f4baba.chunk.js (1)
[0925/235408.925:INFO:CONSOLE(3)] "[36.978] [API]: Error 401 AUTH_KEY_UNREGISTERED 4 2 upload.getFile [object Object]", source: https://web.telegram.org/k/mtproto.worker.4552b0dae1b85559e0b5.bundle.worker.js (3)
[0925/235408.925:INFO:CONSOLE(0)] "Uncaught (in promise) #<Object>", source: https://web.telegram.org/k/mtproto.worker.4552b0dae1b85559e0b5.bundle.worker.js (0)
[0925/235409.409:INFO:CONSOLE(0)] "Uncaught (in promise) undefined", source: https://web.telegram.org/k/ (0)
[0925/235409.751:INFO:CONSOLE(1)] "[object Object]", source: https://web.telegram.org/k/15.d25b4a66b1a7c4f4baba.chunk.js (1)
[0925/235410.652:INFO:CONSOLE(1)] "[object Object]", source: https://web.telegram.org/k/15.d25b4a66b1a7c4f4baba.chunk.js (1)
